app/mapping.txt
# compiler: R8
# compiler_version: 1.5.69
# min_api: 19
# pg_map_id: d497028
com.app.uninstaller.appuninstaller212.MyApplication -> com.app.uninstaller.appuninstaller212.MyApplication:
    734:734:void <init>() -> <init>
    54:22:void onCreate() -> onCreate
com.app.uninstaller.appuninstaller212.NotificationListener -> com.app.uninstaller.appuninstaller212.NotificationListener:
    java.lang.String D -> a
    695:695:void <init>() -> <init>
    795:462:void onReceive(android.content.Context,android.content.Intent) -> onReceive
com.app.uninstaller.appuninstaller212.R -> b.a.a.a.a:
    301:301:void <init>() -> <init>
com.app.uninstaller.appuninstaller212.R$anim -> b.a.a.a.a$a:
    54:54:void <init>() -> <init>
com.app.uninstaller.appuninstaller212.R$animator -> b.a.a.a.a$b:
    789:789:void <init>() -> <init>
com.app.uninstaller.appuninstaller212.R$attr -> b.a.a.a.a$c:
    255:255:void <init>() -> <init>
com.app.uninstaller.appuninstaller212.R$bool -> b.a.a.a.a$d:
    19990:19990:void <init>() -> <init>
com.app.uninstaller.appuninstaller212.R$color -> b.a.a.a.a$e:
    25368:25368:void <init>() -> <init>
com.app.uninstaller.appuninstaller212.R$dimen -> b.a.a.a.a$f:
    11910:11910:void <init>() -> <init>
com.app.uninstaller.appuninstaller212.R$drawable -> b.a.a.a.a$g:
    4867:4867:void <init>() -> <init>
com.app.uninstaller.appuninstaller212.R$id -> b.a.a.a.a$h:
    12364:12364:void <init>() -> <init>
com.app.uninstaller.appuninstaller212.R$integer -> b.a.a.a.a$i:
    22175:22175:void <init>() -> <init>
com.app.uninstaller.appuninstaller212.R$interpolator -> b.a.a.a.a$j:
    6576:6576:void <init>() -> <init>
com.app.uninstaller.appuninstaller212.R$layout -> b.a.a.a.a$k:
    15144:15144:void <init>() -> <init>
com.app.uninstaller.appuninstaller212.R$menu -> b.a.a.a.a$l:
    25111:25111:void <init>() -> <init>
com.app.uninstaller.appuninstaller212.R$mipmap -> b.a.a.a.a$m:
    13884:13884:void <init>() -> <init>
com.app.uninstaller.appuninstaller212.R$plurals -> b.a.a.a.a$n:
    16296:16296:void <init>() -> <init>
com.app.uninstaller.appuninstaller212.R$string -> b.a.a.a.a$o:
    9029:9029:void <init>() -> <init>
com.app.uninstaller.appuninstaller212.R$style -> b.a.a.a.a$p:
    18288:18288:void <init>() -> <init>
com.app.uninstaller.appuninstaller212.R$styleable -> b.a.a.a.a$q:
    15826:5529:void <clinit>() -> <clinit>
    5406:5406:void <init>() -> <init>
com.app.uninstaller.appuninstaller212.R$xml -> b.a.a.a.a$r:
    6789:6789:void <init>() -> <init>
com.app.uninstaller.appuninstaller212.RepeatNotification -> com.app.uninstaller.appuninstaller212.RepeatNotification:
    java.lang.String D -> a
    166:166:void <init>() -> <init>
    304:798:void onReceive(android.content.Context,android.content.Intent) -> onReceive
com.app.uninstaller.appuninstaller212.activity.ActivityUninstallHistory -> com.app.uninstaller.appuninstaller212.activity.ActivityUninstallHistory:
    com.app.uninstaller.appuninstaller212.x.s G -> K
    androidx.recyclerview.widget.RecyclerView B -> H
    android.app.Dialog H -> J
    android.widget.ImageView F -> M
    android.widget.TextView m -> G
    android.widget.TextView k -> F
    com.app.uninstaller.appuninstaller212.c.l C -> I
    android.widget.ImageView D -> N
    712:712:void <init>() -> <init>
    429:471:void onClick(android.view.View) -> onClick
    368:376:void onCreate(android.os.Bundle) -> onCreate
...
androidx.recyclerview.widget.GapWorker$1 -> a.q.b.l$a:
    190:190:void <init>() -> <init>
    194:211:int compare(androidx.recyclerview.widget.GapWorker$Task,androidx.recyclerview.widget.GapWorker$Task) -> a
    190:190:int compare(java.lang.Object,java.lang.Object) -> compare
androidx.recyclerview.widget.GapWorker$LayoutPrefetchRegistryImpl -> a.q.b.l$b:
    int[] mPrefetchArray -> c
    int mCount -> d
    int mPrefetchDy -> b
    int mPrefetchDx -> a
    65:65:void <init>() -> <init>
    79:108:void collectPrefetchPositionsFromView(androidx.recyclerview.widget.RecyclerView,boolean) -> a
    112:113:void addPosition(int,int) -> a
    139:145:boolean lastPrefetchIncludedPosition(int) -> a
    152:156:void clearPrefetchPositions() -> a
    74:76:void setPrefetchVector(int,int) -> b
androidx.recyclerview.widget.GapWorker$Task -> a.q.b.l$c:
    androidx.recyclerview.widget.RecyclerView view -> d
    int position -> e
    boolean immediate -> a
    int viewVelocity -> b
    int distanceToItem -> c
    38:38:void <init>() -> <init>
    46:51:void clear() -> a
androidx.recyclerview.widget.GridLayoutManager -> androidx.recyclerview.widget.GridLayoutManager:
    android.util.SparseIntArray mPreLayoutSpanSizeCache -> e
    int DEFAULT_SPAN_COUNT -> l
    android.util.SparseIntArray mPreLayoutSpanIndexCache -> f
    android.view.View[] mSet -> d
    java.lang.String TAG -> k
    androidx.recyclerview.widget.GridLayoutManager$SpanSizeLookup mSpanSizeLookup -> g
    boolean mUsingSpansToEstimateScrollBarDimensions -> i
    boolean DEBUG -> j
    int[] mCachedBorders -> c
    android.graphics.Rect mDecorInsets -> h
    boolean mPendingSpanCountChange -> a
    int mSpanCount -> b
    73:76:void <init>(android.content.Context,android.util.AttributeSet,int,int) -> <init>
    85:87:void <init>(android.content.Context,int) -> <init>
    98:100:void <init>(android.content.Context,int,int,boolean) -> <init>
    266:267:void setSpanSizeLookup(androidx.recyclerview.widget.GridLayoutManager$SpanSizeLookup) -> a
    325:344:int[] calculateItemBorders(int[],int,int) -> a
    348:352:int getSpaceForSpanRange(int,int) -> a
    391:416:void ensureAnchorIsInCorrectSpan(androidx.recyclerview.widget.RecyclerView$Recycler,androidx.recyclerview.widget.RecyclerView$State,androidx.recyclerview.widget.LinearLayoutManager$AnchorInfo,int) -> a
    455:467:int getSpanGroupIndex(androidx.recyclerview.widget.RecyclerView$Recycler,androidx.recyclerview.widget.RecyclerView$State,int) -> a
    716:737:void measureChild(android.view.View,int,boolean) -> a
androidx.recyclerview.widget.GridLayoutManager$DefaultSpanSizeLookup -> androidx.recyclerview.widget.GridLayoutManager$a:
    1348:1348:void <init>() -> <init>
    1352:1352:int getSpanSize(int) -> a
    1357:1357:int getSpanIndex(int,int) -> d
androidx.recyclerview.widget.GridLayoutManager$LayoutParams -> androidx.recyclerview.widget.GridLayoutManager$b:
    int mSpanSize -> f
    int INVALID_SPAN_ID -> g
    int mSpanIndex -> e
    1380:1381:void <init>(android.content.Context,android.util.AttributeSet) -> <init>
    1384:1385:void <init>(int,int) -> <init>
    1388:1389:void <init>(android.view.ViewGroup$MarginLayoutParams) -> <init>
    1392:1393:void <init>(android.view.ViewGroup$LayoutParams) -> <init>
    1396:1397:void <init>(androidx.recyclerview.widget.RecyclerView$LayoutParams) -> <init>
    1414:1414:int getSpanIndex() -> h
    1424:1424:int getSpanSize() -> i